<?xml version="1.0" encoding="UTF-8"?>
<!-- Generated by org.testng.reporters.JUnitReportReporter -->
<testsuite hostname="DESKTOP-UJMTUQ1" failures="0" tests="4" name="com.bjs.testngdemo.BeforeAfterDemo2" time="0.013" errors="0" timestamp="08 Jun 2021 11:48:44 GMT" skipped="0">
  <testcase classname="com.bjs.testngdemo.BeforeAfterDemo2" name="d" time="0.008"/>
  <testcase classname="com.bjs.testngdemo.BeforeAfterDemo2" name="c" time="0.002"/>
  <testcase classname="com.bjs.testngdemo.BeforeAfterDemo2" name="b" time="0.001"/>
  <testcase classname="com.bjs.testngdemo.BeforeAfterDemo2" name="a" time="0.002"/>
</testsuite> <!-- com.bjs.testngdemo.BeforeAfterDemo2 -->
