<?xml version="1.0" encoding="UTF-8"?>
<!-- Generated by org.testng.reporters.JUnitReportReporter -->
<testsuite hostname="DESKTOP-UJMTUQ1" failures="0" tests="2" name="com.bjs.testngdemo.BeforeAfterDemo" time="0.012" errors="0" timestamp="08 Jun 2021 11:40:07 GMT" skipped="0">
  <testcase classname="com.bjs.testngdemo.BeforeAfterDemo" name="test1" time="0.009"/>
  <testcase classname="com.bjs.testngdemo.BeforeAfterDemo" name="test2" time="0.003"/>
</testsuite> <!-- com.bjs.testngdemo.BeforeAfterDemo -->
