<?xml version="1.0" encoding="UTF-8"?>
<!-- Generated by org.testng.reporters.JUnitReportReporter -->
<testsuite hostname="DESKTOP-UJMTUQ1" failures="0" tests="2" name="com.bjs.testngdemo.TestngxmlDemo" time="0.017" errors="0" timestamp="09 Jun 2021 03:54:52 GMT" skipped="0">
  <testcase classname="com.bjs.testngdemo.TestngxmlDemo" name="positivecredential1" time="0.014"/>
  <testcase classname="com.bjs.testngdemo.TestngxmlDemo" name="positivecredential3" time="0.003"/>
</testsuite> <!-- com.bjs.testngdemo.TestngxmlDemo -->
