<?xml version="1.0" encoding="UTF-8"?>
<!-- Generated by org.testng.reporters.JUnitReportReporter -->
<testsuite hostname="DESKTOP-UJMTUQ1" failures="0" tests="1" name="com.bjs.testngdemo.ParametarisationDemo" time="18.539" errors="0" timestamp="10 Jun 2021 04:42:53 GMT" skipped="0">
  <testcase classname="com.bjs.testngdemo.ParametarisationDemo" name="testCase" time="18.539"/>
</testsuite> <!-- com.bjs.testngdemo.ParametarisationDemo -->
