<?xml version="1.0" encoding="UTF-8"?>
<!-- Generated by org.testng.reporters.JUnitReportReporter -->
<testsuite hostname="DESKTOP-UJMTUQ1" failures="0" tests="2" name="com.bjs.testngdemo.CrossBrowserDemo" time="33.383" errors="0" timestamp="11 Jun 2021 12:11:35 GMT" skipped="0">
  <testcase classname="com.bjs.testngdemo.CrossBrowserDemo" name="positivecredentials" time="18.558"/>
  <testcase classname="com.bjs.testngdemo.CrossBrowserDemo" name="positivecredentials" time="14.825"/>
</testsuite> <!-- com.bjs.testngdemo.CrossBrowserDemo -->
