<?xml version="1.0" encoding="UTF-8"?>
<!-- Generated by org.testng.reporters.JUnitReportReporter -->
<testsuite hostname="DESKTOP-UJMTUQ1" failures="0" tests="1" name="com.bjs.testngdemo.TestngDemo1" time="0.008" errors="0" timestamp="08 Jun 2021 10:57:21 GMT" skipped="0">
  <testcase classname="com.bjs.testngdemo.TestngDemo1" name="positiveCredential1" time="0.008"/>
</testsuite> <!-- com.bjs.testngdemo.TestngDemo1 -->
