<?xml version="1.0" encoding="UTF-8"?>
<!-- Generated by org.testng.reporters.JUnitReportReporter -->
<testsuite hostname="DESKTOP-UJMTUQ1" failures="0" tests="2" name="com.bjs.testngdemo.OrangecrmDemo" time="28.674" errors="0" timestamp="08 Jun 2021 11:32:58 GMT" skipped="0">
  <testcase classname="com.bjs.testngdemo.OrangecrmDemo" name="test1" time="15.565"/>
  <testcase classname="com.bjs.testngdemo.OrangecrmDemo" name="test2" time="13.109"/>
</testsuite> <!-- com.bjs.testngdemo.OrangecrmDemo -->
